\BOOKMARK [1][-]{section.1}{\376\377\000I\000n\000t\000r\000o\000d\000u\000c\000c\000i\000\363\000n}{}% 1
\BOOKMARK [1][-]{section.2}{\376\377\000F\000u\000n\000d\000a\000m\000e\000n\000t\000o\000s\000\040\000T\000e\000\363\000r\000i\000c\000o\000s}{}% 2
\BOOKMARK [2][-]{subsection.2.1}{\376\377\000C\000o\000n\000v\000e\000r\000t\000i\000d\000o\000r\000\040\000B\000u\000c\000k}{section.2}% 3
\BOOKMARK [2][-]{subsection.2.2}{\376\377\000P\000\351\000r\000d\000i\000d\000a\000s\000\040\000e\000n\000\040\000s\000e\000m\000i\000c\000o\000n\000d\000u\000c\000t\000o\000r\000e\000s\000\040\000d\000e\000\040\000p\000o\000t\000e\000n\000c\000i\000a}{section.2}% 4
\BOOKMARK [3][-]{subsubsection.2.2.1}{\376\377\000P\000e\000r\000d\000i\000d\000a\000s\000\040\000p\000o\000r\000\040\000c\000o\000n\000d\000u\000c\000c\000i\000\363\000n}{subsection.2.2}% 5
\BOOKMARK [3][-]{subsubsection.2.2.2}{\376\377\000P\000e\000r\000d\000i\000d\000a\000s\000\040\000p\000o\000r\000\040\000c\000o\000n\000m\000u\000t\000a\000c\000i\000\363\000n}{subsection.2.2}% 6
\BOOKMARK [2][-]{subsection.2.3}{\376\377\000R\000o\000n\000\040\000y\000\040\000s\000u\000\040\000d\000e\000p\000e\000n\000d\000e\000n\000c\000i\000a\000\040\000c\000o\000n\000\040\000l\000a\000\040\000t\000e\000m\000p\000e\000r\000a\000t\000u\000r\000a}{section.2}% 7
\BOOKMARK [2][-]{subsection.2.4}{\376\377\000M\000o\000d\000e\000l\000o\000s\000\040\000t\000\351\000r\000m\000i\000c\000o\000s}{section.2}% 8
\BOOKMARK [3][-]{subsubsection.2.4.1}{\376\377\000M\000o\000d\000e\000l\000o\000\040\000t\000\351\000r\000m\000i\000c\000o\000\040\000d\000e\000\040\000F\000o\000s\000t\000e\000r}{subsection.2.4}% 9
\BOOKMARK [3][-]{subsubsection.2.4.2}{\376\377\000M\000o\000d\000e\000l\000o\000\040\000t\000\351\000r\000m\000i\000c\000o\000\040\000d\000e\000\040\000C\000a\000u\000e\000r}{subsection.2.4}% 10
\BOOKMARK [2][-]{subsection.2.5}{\376\377\000C\000a\000d\000e\000n\000a\000\040\000t\000\351\000r\000m\000i\000c\000a}{section.2}% 11
\BOOKMARK [3][-]{subsubsection.2.5.1}{\376\377\000J\000u\000n\000t\000u\000r\000a\000\040\000\050\000J\000\051}{subsection.2.5}% 12
\BOOKMARK [3][-]{subsubsection.2.5.2}{\376\377\000E\000n\000c\000a\000p\000s\000u\000l\000a\000d\000o\000\040\000\050\000C\000\051}{subsection.2.5}% 13
\BOOKMARK [3][-]{subsubsection.2.5.3}{\376\377\000D\000i\000s\000i\000p\000a\000d\000o\000r\000\040\000\050\000S\000\051}{subsection.2.5}% 14
\BOOKMARK [3][-]{subsubsection.2.5.4}{\376\377\000A\000m\000b\000i\000e\000n\000t\000e\000\040\000\050\000A\000\051}{subsection.2.5}% 15
\BOOKMARK [2][-]{subsection.2.6}{\376\377\000E\000f\000i\000c\000i\000e\000n\000c\000i\000a\000\040\000y\000\040\000t\000r\000a\000d\000e\000-\000o\000f\000f\000s}{section.2}% 16
\BOOKMARK [1][-]{section.3}{\376\377\000D\000i\000s\000e\000\361\000o\000\040\000d\000e\000l\000\040\000c\000o\000n\000v\000e\000r\000t\000i\000d\000o\000r}{}% 17
\BOOKMARK [2][-]{subsection.3.1}{\376\377\000C\000o\000n\000d\000i\000c\000i\000o\000n\000e\000s\000\040\000d\000e\000\040\000o\000p\000e\000r\000a\000c\000i\000\363\000n}{section.3}% 18
\BOOKMARK [2][-]{subsection.3.2}{\376\377\000O\000p\000c\000i\000o\000n\000e\000s\000\040\000p\000a\000r\000a\000\040\000e\000l\000\040\000M\000O\000S\000F\000E\000T}{section.3}% 19
\BOOKMARK [3][-]{subsubsection.3.2.1}{\376\377\000C\000o\000n\000s\000t\000r\000u\000c\000c\000i\000\363\000n\000\040\000d\000e\000l\000\040\000m\000o\000d\000e\000l\000o\000\040\000t\000\351\000r\000m\000i\000c\000o}{subsection.3.2}% 20
\BOOKMARK [2][-]{subsection.3.3}{\376\377\000O\000p\000c\000i\000o\000n\000e\000s\000\040\000p\000a\000r\000a\000\040\000e\000l\000\040\000d\000i\000o\000d\000o}{section.3}% 21
\BOOKMARK [3][-]{subsubsection.3.3.1}{\376\377\000C\000o\000n\000s\000t\000r\000u\000c\000c\000i\000\363\000n\000\040\000d\000e\000l\000\040\000m\000o\000d\000e\000l\000o\000\040\000t\000\351\000r\000m\000i\000c\000o}{subsection.3.3}% 22
\BOOKMARK [2][-]{subsection.3.4}{\376\377\000P\000a\000r\000\341\000m\000e\000t\000r\000o\000s\000\040\000d\000e\000l\000\040\000c\000i\000r\000c\000u\000i\000t\000o}{section.3}% 23
\BOOKMARK [2][-]{subsection.3.5}{\376\377\000P\000\351\000r\000d\000i\000d\000a\000s\000\040\000d\000e\000\040\000p\000o\000t\000e\000n\000c\000i\000a\000\040\000e\000n\000\040\000l\000o\000s\000\040\000s\000e\000m\000i\000c\000o\000n\000d\000u\000c\000t\000o\000r\000e\000s}{section.3}% 24
\BOOKMARK [1][-]{section.4}{\376\377\000M\000o\000d\000e\000l\000a\000d\000o\000\040\000t\000\351\000r\000m\000i\000c\000o}{}% 25
\BOOKMARK [2][-]{subsection.4.1}{\376\377\000C\000i\000r\000c\000u\000i\000t\000o\000\040\000t\000\351\000r\000m\000i\000c\000o\000\040\000d\000e\000l\000\040\000s\000i\000s\000t\000e\000m\000a}{section.4}% 26
\BOOKMARK [2][-]{subsection.4.2}{\376\377\000M\000o\000d\000e\000l\000o\000\040\000F\000o\000s\000t\000e\000r\000\040\000d\000e\000l\000\040\000M\000O\000S\000F\000E\000T}{section.4}% 27
\BOOKMARK [2][-]{subsection.4.3}{\376\377\000C\000o\000n\000v\000e\000r\000s\000i\000\363\000n\000\040\000a\000\040\000m\000o\000d\000e\000l\000o\000\040\000C\000a\000u\000e\000r\000\040\000d\000e\000l\000\040\000M\000O\000S\000F\000E\000T}{section.4}% 28
\BOOKMARK [1][-]{section.5}{\376\377\000V\000a\000l\000i\000d\000a\000c\000i\000\363\000n\000\040\000t\000\351\000r\000m\000i\000c\000a}{}% 29
\BOOKMARK [2][-]{subsection.5.1}{\376\377\000S\000i\000m\000u\000l\000a\000c\000i\000o\000n\000e\000s\000\040\000t\000\351\000r\000m\000i\000c\000a\000s}{section.5}% 30
\BOOKMARK [2][-]{subsection.5.2}{\376\377\000C\000u\000m\000p\000l\000i\000m\000i\000e\000n\000t\000o\000\040\000d\000e\000\040\000l\000\355\000m\000i\000t\000e\000s\000\040\000t\000\351\000r\000m\000i\000c\000o\000s}{section.5}% 31
\BOOKMARK [1][-]{section.6}{\376\377\000P\000\351\000r\000d\000i\000d\000a\000s\000\040\000y\000\040\000e\000f\000i\000c\000i\000e\000n\000c\000i\000a}{}% 32
\BOOKMARK [1][-]{section.7}{\376\377\000C\000o\000n\000c\000l\000u\000s\000i\000o\000n\000e\000s}{}% 33
\BOOKMARK [1][-]{section*.11}{\376\377\000A\000p\000\351\000n\000d\000i\000c\000e\000\040\000A\000:\000\040\000P\000e\000n\000d\000i\000e\000n\000t\000e}{}% 34
\BOOKMARK [1][-]{section*.13}{\376\377\000A\000p\000\351\000n\000d\000i\000c\000e\000\040\000B\000:\000\040\000B\000i\000o\000g\000r\000a\000f\000\355\000a\000s\000\040\000d\000e\000\040\000l\000o\000s\000\040\000a\000u\000t\000o\000r\000e\000s}{}% 35
\BOOKMARK [1][-]{IEEEbiography.0}{\376\377\000B\000i\000o\000g\000r\000a\000p\000h\000i\000e\000s}{}% 36
\BOOKMARK [2][-]{IEEEbiography.1}{\376\377\000M\000a\000t\000\355\000a\000s\000\040\000A\000.\000\040\000C\000a\000m\000a\000c\000h\000o}{IEEEbiography.0}% 37
\BOOKMARK [2][-]{IEEEbiography.2}{\376\377\000J\000u\000a\000n\000\040\000P\000.\000\040\000E\000l\000i\000z\000o\000n\000d\000o}{IEEEbiography.0}% 38
